2021-06-18 01:50:35,970 - BrowserLogger - INFO - ===> Test started name, test is test_registration
2021-06-18 01:50:36,053 - BrowserLogger - INFO - ===> Test finished name, test is test_registration
2021-06-18 01:50:36,054 - BrowserLogger - INFO - ===> Test started name, test is test_add_new_item
2021-06-18 01:50:36,084 - BrowserLogger - INFO - ===> Test finished name, test is test_add_new_item
2021-06-18 01:50:36,084 - BrowserLogger - INFO - ===> Test started name, test is test_delete_item
2021-06-18 01:50:36,110 - BrowserLogger - INFO - ===> Test finished name, test is test_delete_item
2021-06-18 01:50:36,111 - BrowserLogger - INFO - ===> Test started name, test is test_switch_currency
2021-06-18 01:50:36,136 - BrowserLogger - INFO - ===> Test finished name, test is test_switch_currency
2021-06-18 01:53:31,798 - BrowserLogger - INFO - ===> Test started name, test is test_registration
2021-06-18 01:53:31,829 - BrowserLogger - INFO - ===> Test finished name, test is test_registration
2021-06-18 01:53:31,829 - BrowserLogger - INFO - ===> Test started name, test is test_add_new_item
2021-06-18 01:53:31,858 - BrowserLogger - INFO - ===> Test finished name, test is test_add_new_item
2021-06-18 01:53:31,859 - BrowserLogger - INFO - ===> Test started name, test is test_delete_item
2021-06-18 01:53:31,897 - BrowserLogger - INFO - ===> Test finished name, test is test_delete_item
2021-06-18 01:53:31,897 - BrowserLogger - INFO - ===> Test started name, test is test_switch_currency
2021-06-18 01:53:31,901 - BrowserLogger - INFO - ===> Test finished name, test is test_switch_currency
2021-06-18 01:53:58,478 - BrowserLogger - INFO - ===> Test started name, test is test_registration
2021-06-18 01:53:58,508 - BrowserLogger - INFO - ===> Test finished name, test is test_registration
2021-06-18 01:53:58,509 - BrowserLogger - INFO - ===> Test started name, test is test_add_new_item
2021-06-18 01:53:58,512 - BrowserLogger - INFO - ===> Test finished name, test is test_add_new_item
2021-06-18 01:53:58,513 - BrowserLogger - INFO - ===> Test started name, test is test_delete_item
2021-06-18 01:53:58,516 - BrowserLogger - INFO - ===> Test finished name, test is test_delete_item
2021-06-18 01:53:58,517 - BrowserLogger - INFO - ===> Test started name, test is test_switch_currency
2021-06-18 01:53:58,521 - BrowserLogger - INFO - ===> Test finished name, test is test_switch_currency
2021-06-18 01:56:25,871 - BrowserLogger - INFO - ===> Test started name, test is test_registration
2021-06-18 01:56:25,924 - BrowserLogger - INFO - ===> Test finished name, test is test_registration
2021-06-18 01:56:25,925 - BrowserLogger - INFO - ===> Test started name, test is test_add_new_item
2021-06-18 01:56:25,966 - BrowserLogger - INFO - ===> Test finished name, test is test_add_new_item
2021-06-18 01:56:25,967 - BrowserLogger - INFO - ===> Test started name, test is test_delete_item
2021-06-18 01:56:25,993 - BrowserLogger - INFO - ===> Test finished name, test is test_delete_item
2021-06-18 01:56:25,994 - BrowserLogger - INFO - ===> Test started name, test is test_switch_currency
2021-06-18 01:56:26,022 - BrowserLogger - INFO - ===> Test finished name, test is test_switch_currency
2021-06-18 01:59:29,532 - BrowserLogger - INFO - ===> Test started name, test is test_registration
2021-06-18 01:59:29,576 - BrowserLogger - INFO - ===> Test finished name, test is test_registration
2021-06-18 01:59:29,577 - BrowserLogger - INFO - ===> Test started name, test is test_add_new_item
2021-06-18 01:59:29,583 - BrowserLogger - INFO - ===> Test finished name, test is test_add_new_item
2021-06-18 01:59:29,584 - BrowserLogger - INFO - ===> Test started name, test is test_delete_item
2021-06-18 01:59:29,589 - BrowserLogger - INFO - ===> Test finished name, test is test_delete_item
2021-06-18 01:59:29,590 - BrowserLogger - INFO - ===> Test started name, test is test_switch_currency
2021-06-18 01:59:29,596 - BrowserLogger - INFO - ===> Test finished name, test is test_switch_currency
2021-06-18 02:00:50,670 - BrowserLogger - INFO - ===> Test started name, test is test_registration
2021-06-18 02:00:50,741 - BrowserLogger - INFO - ===> Test finished name, test is test_registration
2021-06-18 02:00:50,742 - BrowserLogger - INFO - ===> Test started name, test is test_add_new_item
2021-06-18 02:00:50,767 - BrowserLogger - INFO - ===> Test finished name, test is test_add_new_item
2021-06-18 02:00:50,768 - BrowserLogger - INFO - ===> Test started name, test is test_delete_item
2021-06-18 02:00:50,797 - BrowserLogger - INFO - ===> Test finished name, test is test_delete_item
2021-06-18 02:00:50,798 - BrowserLogger - INFO - ===> Test started name, test is test_switch_currency
2021-06-18 02:00:50,826 - BrowserLogger - INFO - ===> Test finished name, test is test_switch_currency
2021-06-18 12:10:50,371 - BrowserLogger - INFO - ===> Test started name, test is test_registration
2021-06-18 12:10:50,380 - BrowserLogger - INFO - ===> Test finished name, test is test_registration
2021-06-18 12:10:50,381 - BrowserLogger - INFO - ===> Test started name, test is test_add_new_item
2021-06-18 12:10:50,382 - BrowserLogger - INFO - ===> Test finished name, test is test_add_new_item
2021-06-18 12:10:50,383 - BrowserLogger - INFO - ===> Test started name, test is test_delete_item
2021-06-18 12:10:50,384 - BrowserLogger - INFO - ===> Test finished name, test is test_delete_item
2021-06-18 12:10:50,385 - BrowserLogger - INFO - ===> Test started name, test is test_switch_currency
2021-06-18 12:10:50,386 - BrowserLogger - INFO - ===> Test finished name, test is test_switch_currency
